e:\2021_3rd_programming\c_programming_miniproject\봄버맨레볼루션_신강호\5_project\main_version\consolegame1\x64\debug\vc142.pdb
e:\2021_3rd_programming\c_programming_miniproject\봄버맨레볼루션_신강호\5_project\main_version\consolegame1\x64\debug\vc142.idb
e:\2021_3rd_programming\c_programming_miniproject\봄버맨레볼루션_신강호\5_project\main_version\consolegame1\x64\debug\sound.obj
e:\2021_3rd_programming\c_programming_miniproject\봄버맨레볼루션_신강호\5_project\main_version\consolegame1\x64\debug\scene.obj
e:\2021_3rd_programming\c_programming_miniproject\봄버맨레볼루션_신강호\5_project\main_version\consolegame1\x64\debug\bomb.obj
e:\2021_3rd_programming\c_programming_miniproject\봄버맨레볼루션_신강호\5_project\main_version\consolegame1\x64\debug\main.obj
e:\2021_3rd_programming\c_programming_miniproject\봄버맨레볼루션_신강호\5_project\main_version\consolegame1\x64\debug\bomberman_revolution.pch
e:\2021_3rd_programming\c_programming_miniproject\봄버맨레볼루션_신강호\5_project\main_version\consolegame1\x64\debug\stdafx.obj
e:\2021_3rd_programming\c_programming_miniproject\봄버맨레볼루션_신강호\5_project\main_version\consolegame1\x64\debug\ui.obj
e:\2021_3rd_programming\c_programming_miniproject\봄버맨레볼루션_신강호\5_project\main_version\consolegame1\x64\debug\render.obj
e:\2021_3rd_programming\c_programming_miniproject\봄버맨레볼루션_신강호\5_project\main_version\consolegame1\x64\debug\map.obj
e:\2021_3rd_programming\c_programming_miniproject\봄버맨레볼루션_신강호\5_project\main_version\consolegame1\x64\debug\game.obj
e:\2021_3rd_programming\c_programming_miniproject\봄버맨레볼루션_신강호\5_project\main_version\consolegame1\x64\debug\controller.obj
e:\2021_3rd_programming\c_programming_miniproject\봄버맨레볼루션_신강호\5_project\main_version\consolegame1\x64\debug\client.obj
e:\2021_3rd_programming\c_programming_miniproject\봄버맨레볼루션_신강호\5_project\main_version\consolegame1\x64\debug\character.obj
e:\2021_3rd_programming\c_programming_miniproject\봄버맨레볼루션_신강호\5_project\main_version\consolegame1\x64\debug\socketinit.obj
e:\2021_3rd_programming\c_programming_miniproject\봄버맨레볼루션_신강호\5_project\main_version\consolegame1\x64\debug\socket.obj
e:\2021_3rd_programming\c_programming_miniproject\봄버맨레볼루션_신강호\5_project\main_version\consolegame1\x64\debug\server.obj
e:\2021_3rd_programming\c_programming_miniproject\봄버맨레볼루션_신강호\5_project\main_version\consolegame1\x64\debug\iocp.obj
e:\2021_3rd_programming\c_programming_miniproject\봄버맨레볼루션_신강호\5_project\main_version\consolegame1\x64\debug\exception.obj
e:\2021_3rd_programming\c_programming_miniproject\봄버맨레볼루션_신강호\5_project\main_version\consolegame1\x64\debug\endpoint.obj
e:\2021_3rd_programming\c_programming_miniproject\봄버맨레볼루션_신강호\5_project\main_version\consolegame1\x64\debug\bomberman_revolution.ilk
e:\2021_3rd_programming\c_programming_miniproject\봄버맨레볼루션_신강호\5_project\main_version\x64\debug\bomberman_revolution.exe
e:\2021_3rd_programming\c_programming_miniproject\봄버맨레볼루션_신강호\5_project\main_version\x64\debug\bomberman_revolution.pdb
e:\2021_3rd_programming\c_programming_miniproject\봄버맨레볼루션_신강호\5_project\main_version\consolegame1\x64\debug\bomberma.00c2aba2.tlog\cl.command.1.tlog
e:\2021_3rd_programming\c_programming_miniproject\봄버맨레볼루션_신강호\5_project\main_version\consolegame1\x64\debug\bomberma.00c2aba2.tlog\cl.read.1.tlog
e:\2021_3rd_programming\c_programming_miniproject\봄버맨레볼루션_신강호\5_project\main_version\consolegame1\x64\debug\bomberma.00c2aba2.tlog\cl.write.1.tlog
e:\2021_3rd_programming\c_programming_miniproject\봄버맨레볼루션_신강호\5_project\main_version\consolegame1\x64\debug\bomberma.00c2aba2.tlog\link.command.1.tlog
e:\2021_3rd_programming\c_programming_miniproject\봄버맨레볼루션_신강호\5_project\main_version\consolegame1\x64\debug\bomberma.00c2aba2.tlog\link.read.1.tlog
e:\2021_3rd_programming\c_programming_miniproject\봄버맨레볼루션_신강호\5_project\main_version\consolegame1\x64\debug\bomberma.00c2aba2.tlog\link.write.1.tlog
